<?xml version="1.0" encoding="UTF-8"?>
<!-- Generated by org.testng.reporters.JUnitReportReporter -->
<testsuite hostname="Laptop" name="com.qa.hubspot.tests.LoginPageTest" tests="4" failures="0" timestamp="31 Oct 2019 14:58:57 GMT" time="117.252" errors="0">
  <testcase name="verifyLoginPageTitleTest" time="14.699" classname="com.qa.hubspot.tests.LoginPageTest"/>
  <testcase name="loginTestWithInCorrectCredentialsTest" time="25.728" classname="com.qa.hubspot.tests.LoginPageTest"/>
  <testcase name="loginTestWithCorrectCredentialsTest" time="56.675" classname="com.qa.hubspot.tests.LoginPageTest"/>
  <testcase name="verifySignUpLinkTest" time="20.150" classname="com.qa.hubspot.tests.LoginPageTest"/>
</testsuite> <!-- com.qa.hubspot.tests.LoginPageTest -->
