<?xml version="1.0" encoding="UTF-8"?>
<!-- Generated by org.testng.reporters.JUnitReportReporter -->
<testsuite skipped="0" hostname="Laptop" name="com.qa.hubspot.tests.HomePageTest" tests="1" failures="0" timestamp="21 Oct 2019 15:25:52 GMT" time="37.693" errors="0">
  <testcase name="verifyHomePageTitleTest" time="37.693" classname="com.qa.hubspot.tests.HomePageTest"/>
</testsuite> <!-- com.qa.hubspot.tests.HomePageTest -->
